2018-03-28 22:52:42,565|||main||||INFO||||||| EELF0005I Searching path "${user.home};etc;../etc" for log configuration file "logback-test.xml"
2018-03-28 22:52:42,568|||main||||INFO||||||| EELF0001I Loading default logging configuration from system resource file "com/att/eelf/logback.xml"
2018-03-28 22:52:42,586|||main||||INFO||||||| Retrieving results from https://192.168.1.1?Id=101&Type=GetLog
2018-03-28 22:52:42,586|||main||||INFO||||||| Querying url = https://192.168.1.1?Id=101&Type=GetLog
2018-03-28 22:52:42,596|||main||||INFO||||||| Request output = {"Results":{"192.168.1.10":{"Id":"101","StatusCode":200,"StatusMessage":"SUCCESS"}},"StatusCode":200,"StatusMessage":"FINISHED"}
2018-03-28 22:52:42,599|||main||||INFO||||||| Got uri 
2018-03-28 22:52:42,601|||main||||INFO||||||| Querying url = https://192.168.1.1?Id=100&Type=GetResult
2018-03-28 22:52:42,602|||main||||INFO||||||| Parsing response from Server = {"Results":{"192.168.1.10":{"Id":"100","StatusCode":200,"StatusMessage":"SUCCESS"}},"StatusCode":200,"StatusMessage":"FINISHED"}
2018-03-28 22:52:42,606|||main||||INFO||||||| Received response with code = 200, Message = FINISHED
2018-03-28 22:52:42,606|||main||||INFO||||||| Processing results in response
2018-03-28 22:52:42,607|||main||||INFO||||||| Get JSON dictionary from Results ..
2018-03-28 22:52:42,607|||main||||INFO||||||| Iterating through hosts
2018-03-28 22:52:42,607|||main||||INFO||||||| Processing host = 192.168.1.10
2018-03-28 22:52:42,607|||main||||INFO||||||| Code = 200, Message = SUCCESS
2018-03-28 22:52:42,607|||main||||INFO||||||| Request response = FINISHED
2018-03-28 22:52:42,608|||main||||INFO||||||| Ansible Request  100 finished with Result = success, Message = FINISHED
2018-03-28 22:52:42,661|||main||||INFO||||||| Updated Payload  = {"Id":"0fd0d6db-30cc-4f6a-9a11-a15a5813bb28","PlaybookName":"test_playbook.yaml"}
2018-03-28 22:52:42,661|||main||||INFO||||||| Posting request = {"Id":"0fd0d6db-30cc-4f6a-9a11-a15a5813bb28","PlaybookName":"test_playbook.yaml"} to url = https://192.168.1.1
2018-03-28 22:52:42,661|||main||||INFO||||||| Submission of Test  successful.
2018-03-28 22:52:42,720|||main||||INFO||||||| ------------------------------------------------------------------------------
2018-03-28 22:52:42,733|||main||||INFO||||||| APPC0001I ECOMP Application Controller (APP-C) initialization started at March 28, 2018 6:52:42 PM EDT
2018-03-28 22:52:42,733|||main||||INFO||||||| APPC0002I All prior configuration has been cleared
2018-03-28 22:52:42,734|||main||||INFO||||||| APPC0004I Configuration defaults loaded from resource file "org/onap/appc/default.properties"
2018-03-28 22:52:42,736|||main||||INFO||||||| APPC0006I Property "org.onap.appc.resources" ="org/onap/appc/i18n/MessageResources"
2018-03-28 22:52:42,736|||main||||INFO||||||| APPC0006I Property "test.expected-endpoints" ="1"
2018-03-28 22:52:42,736|||main||||INFO||||||| APPC0006I Property "org.onap.appc.bootstrap.file" ="appc.properties"
2018-03-28 22:52:42,737|||main||||INFO||||||| APPC0006I Property "org.onap.appc.provider.min.pool" ="1"
2018-03-28 22:52:42,737|||main||||INFO||||||| APPC0006I Property "test.expected-regions" ="1"
2018-03-28 22:52:42,737|||main||||INFO||||||| APPC0006I Property "org.onap.appc.security.logger" ="org.onap.appc.security"
2018-03-28 22:52:42,737|||main||||INFO||||||| APPC0006I Property "appc.application.name" ="APPC"
2018-03-28 22:52:42,737|||main||||INFO||||||| APPC0006I Property "org.onap.appc.provider.max.pool" ="0"
2018-03-28 22:52:42,738|||main||||INFO||||||| APPC0006I Property "org.onap.appc.provider.retry.limit" ="10"
2018-03-28 22:52:42,738|||main||||INFO||||||| APPC0006I Property "org.onap.appc.logging.path" ="/Users/dt5972;etc;../etc"
2018-03-28 22:52:42,738|||main||||INFO||||||| APPC0006I Property "org.onap.appc.openstack.poll.interval" ="20"
2018-03-28 22:52:42,738|||main||||INFO||||||| APPC0006I Property "provider.trusted.hosts" ="*"
2018-03-28 22:52:42,739|||main||||INFO||||||| APPC0006I Property "org.onap.appc.provider.retry.delay" ="30"
2018-03-28 22:52:42,739|||main||||INFO||||||| APPC0006I Property "org.onap.appc.logger" ="org.onap.appc"
2018-03-28 22:52:42,739|||main||||INFO||||||| APPC0006I Property "org.onap.appc.provider.adaptor.name" ="org.onap.appc.appc_provider_adapter"
2018-03-28 22:52:42,739|||main||||INFO||||||| APPC0006I Property "org.onap.appc.bootstrap.path" ="/opt/onap/appc/data/properties,/Users/dt5972,."
2018-03-28 22:52:42,740|||main||||INFO||||||| APPC0006I Property "org.onap.appc.server.state.change.timeout" ="300"
2018-03-28 22:52:42,740|||main||||INFO||||||| APPC0006I Property "org.onap.appc.logging.file" ="org/onap/appc/logback.xml"
2018-03-28 22:52:42,741|||main||||INFO||||||| APPC0008I Searching path "/opt/onap/appc/data/properties,/Users/dt5972,etc,../etc" for configuration settings "appc.properties"
2018-03-28 22:52:42,742|||main||||WARN||||||| APPC0007E No configuration file named [appc.properties] was found on the configuration search path [/opt/onap/appc/data/properties,/Users/dt5972,etc,../etc]. If a configuration file should have been loaded, check the file name and search path specified.  APPC will proceed using the default values and command-line overrides (if any).
2018-03-28 22:52:42,742|||main||||INFO||||||| APPC0010I No application-specific override properties were provided!
2018-03-28 22:52:42,742|||main||||INFO||||||| APPC0011I Merging system properties into configuration
2018-03-28 22:52:42,743|||main||||INFO||||||| APPC0013I Loading resource bundle "org/onap/appc/i18n/MessageResources"
2018-03-28 22:52:42,999|||main||||INFO||||||| Starting bundle APPC Ansible Adapter
2018-03-28 22:52:42,999|||main||||INFO||||||| APPC0024I APPC:  component Ansible Adapter is being initialized...
2018-03-28 22:52:42,999|||main||||INFO||||||| Ansible http client type set to null
2018-03-28 22:52:42,999|||main||||INFO||||||| Creating http client with default behaviour
2018-03-28 22:52:43,231|||main||||INFO||||||| Initialized Ansible Adapter
2018-03-28 22:52:43,231|||main||||INFO||||||| APPC0036I APPC:  registering service Ansible Adapter using class AnsibleAdapter
2018-03-28 22:52:43,233|||main||||INFO||||||| APPC0025I APPC:  component Ansible Adapter has completed initialization
2018-03-28 22:52:43,233|||main||||INFO||||||| Starting bundle APPC Ansible Adapter
2018-03-28 22:52:43,234|||main||||INFO||||||| APPC0024I APPC:  component Ansible Adapter is being initialized...
2018-03-28 22:52:43,234|||main||||INFO||||||| Ansible http client type set to null
2018-03-28 22:52:43,234|||main||||INFO||||||| Creating http client with default behaviour
2018-03-28 22:52:43,236|||main||||INFO||||||| Initialized Ansible Adapter
2018-03-28 22:52:43,237|||main||||INFO||||||| APPC0025I APPC:  component Ansible Adapter has completed initialization
2018-03-28 22:52:43,245|||main||||INFO||||||| Starting bundle APPC Ansible Adapter
2018-03-28 22:52:43,245|||main||||INFO||||||| APPC0024I APPC:  component Ansible Adapter is being initialized...
2018-03-28 22:52:43,245|||main||||INFO||||||| Ansible http client type set to null
2018-03-28 22:52:43,245|||main||||INFO||||||| Creating http client with default behaviour
2018-03-28 22:52:43,247|||main||||INFO||||||| Initialized Ansible Adapter
2018-03-28 22:52:43,247|||main||||INFO||||||| APPC0036I APPC:  registering service Ansible Adapter using class AnsibleAdapter
2018-03-28 22:52:43,247|||main||||INFO||||||| APPC0025I APPC:  component Ansible Adapter has completed initialization
2018-03-28 22:52:43,249|||main||||INFO||||||| Starting bundle APPC Ansible Adapter
2018-03-28 22:52:43,249|||main||||INFO||||||| APPC0024I APPC:  component Ansible Adapter is being initialized...
2018-03-28 22:52:43,249|||main||||INFO||||||| Ansible http client type set to null
2018-03-28 22:52:43,249|||main||||INFO||||||| Creating http client with default behaviour
2018-03-28 22:52:43,251|||main||||INFO||||||| Initialized Ansible Adapter
2018-03-28 22:52:43,251|||main||||INFO||||||| APPC0036I APPC:  registering service Ansible Adapter using class AnsibleAdapter
2018-03-28 22:52:43,251|||main||||INFO||||||| APPC0025I APPC:  component Ansible Adapter has completed initialization
2018-03-28 22:52:43,251|||main||||INFO||||||| Stopping bundle APPC Ansible Adapter
2018-03-28 22:52:43,251|||main||||INFO||||||| APPC0026I APPC component Ansible Adapter is terminating...
2018-03-28 22:52:43,251|||main||||INFO||||||| APPC0037I APPC unregistering service Ansible Adapter
2018-03-28 22:52:43,252|||main||||INFO||||||| APPC0027I APPC component Ansible Adapter has terminated
2018-03-28 22:52:43,256|||main||||INFO||||||| Starting bundle APPC Ansible Adapter
2018-03-28 22:52:43,256|||main||||INFO||||||| APPC0024I APPC:  component Ansible Adapter is being initialized...
2018-03-28 22:52:43,256|||main||||INFO||||||| Ansible http client type set to null
2018-03-28 22:52:43,256|||main||||INFO||||||| Creating http client with default behaviour
2018-03-28 22:52:43,258|||main||||INFO||||||| Initialized Ansible Adapter
2018-03-28 22:52:43,258|||main||||INFO||||||| APPC0036I APPC:  registering service Ansible Adapter using class AnsibleAdapter
2018-03-28 22:52:43,259|||main||||INFO||||||| APPC0025I APPC:  component Ansible Adapter has completed initialization
2018-03-28 22:52:43,259|||main||||INFO||||||| Stopping bundle APPC Ansible Adapter
2018-03-28 22:52:43,259|||main||||INFO||||||| APPC0026I APPC component Ansible Adapter is terminating...
2018-03-28 22:52:43,259|||main||||INFO||||||| APPC0037I APPC unregistering service Ansible Adapter
2018-03-28 22:52:43,259|||main||||INFO||||||| APPC0027I APPC component Ansible Adapter has terminated
2018-03-28 22:52:43,259|||main||||INFO||||||| Stopping bundle APPC Ansible Adapter
2018-03-29 00:16:38,923|||main||||INFO||||||| EELF0005I Searching path "${user.home};etc;../etc" for log configuration file "logback-test.xml"
2018-03-29 00:16:38,925|||main||||INFO||||||| EELF0001I Loading default logging configuration from system resource file "com/att/eelf/logback.xml"
2018-03-29 00:16:38,941|||main||||INFO||||||| Retrieving results from https://192.168.1.1?Id=101&Type=GetLog
2018-03-29 00:16:38,941|||main||||INFO||||||| Querying url = https://192.168.1.1?Id=101&Type=GetLog
2018-03-29 00:16:38,950|||main||||INFO||||||| Request output = {"Results":{"192.168.1.10":{"Id":"101","StatusCode":200,"StatusMessage":"SUCCESS"}},"StatusCode":200,"StatusMessage":"FINISHED"}
2018-03-29 00:16:38,952|||main||||INFO||||||| Got uri 
2018-03-29 00:16:38,955|||main||||INFO||||||| Querying url = https://192.168.1.1?Id=100&Type=GetResult
2018-03-29 00:16:38,955|||main||||INFO||||||| Parsing response from Server = {"Results":{"192.168.1.10":{"Id":"100","StatusCode":200,"StatusMessage":"SUCCESS"}},"StatusCode":200,"StatusMessage":"FINISHED"}
2018-03-29 00:16:38,960|||main||||INFO||||||| Received response with code = 200, Message = FINISHED
2018-03-29 00:16:38,960|||main||||INFO||||||| Processing results in response
2018-03-29 00:16:38,960|||main||||INFO||||||| Get JSON dictionary from Results ..
2018-03-29 00:16:38,960|||main||||INFO||||||| Iterating through hosts
2018-03-29 00:16:38,960|||main||||INFO||||||| Processing host = 192.168.1.10
2018-03-29 00:16:38,960|||main||||INFO||||||| Code = 200, Message = SUCCESS
2018-03-29 00:16:38,960|||main||||INFO||||||| Request response = FINISHED
2018-03-29 00:16:38,961|||main||||INFO||||||| Ansible Request  100 finished with Result = success, Message = FINISHED
2018-03-29 00:16:39,015|||main||||INFO||||||| Updated Payload  = {"Id":"a7b29574-f604-4ac7-ad99-d7755cbb72ce","PlaybookName":"test_playbook.yaml"}
2018-03-29 00:16:39,015|||main||||INFO||||||| Posting request = {"Id":"a7b29574-f604-4ac7-ad99-d7755cbb72ce","PlaybookName":"test_playbook.yaml"} to url = https://192.168.1.1
2018-03-29 00:16:39,015|||main||||INFO||||||| Submission of Test  successful.
2018-03-29 00:16:39,073|||main||||INFO||||||| ------------------------------------------------------------------------------
2018-03-29 00:16:39,083|||main||||INFO||||||| APPC0001I ECOMP Application Controller (APP-C) initialization started at March 28, 2018 8:16:39 PM EDT
2018-03-29 00:16:39,083|||main||||INFO||||||| APPC0002I All prior configuration has been cleared
2018-03-29 00:16:39,084|||main||||INFO||||||| APPC0004I Configuration defaults loaded from resource file "org/onap/appc/default.properties"
2018-03-29 00:16:39,085|||main||||INFO||||||| APPC0006I Property "org.onap.appc.resources" ="org/onap/appc/i18n/MessageResources"
2018-03-29 00:16:39,085|||main||||INFO||||||| APPC0006I Property "test.expected-endpoints" ="1"
2018-03-29 00:16:39,086|||main||||INFO||||||| APPC0006I Property "org.onap.appc.bootstrap.file" ="appc.properties"
2018-03-29 00:16:39,086|||main||||INFO||||||| APPC0006I Property "org.onap.appc.provider.min.pool" ="1"
2018-03-29 00:16:39,086|||main||||INFO||||||| APPC0006I Property "test.expected-regions" ="1"
2018-03-29 00:16:39,086|||main||||INFO||||||| APPC0006I Property "org.onap.appc.security.logger" ="org.onap.appc.security"
2018-03-29 00:16:39,086|||main||||INFO||||||| APPC0006I Property "appc.application.name" ="APPC"
2018-03-29 00:16:39,087|||main||||INFO||||||| APPC0006I Property "org.onap.appc.provider.max.pool" ="0"
2018-03-29 00:16:39,087|||main||||INFO||||||| APPC0006I Property "org.onap.appc.provider.retry.limit" ="10"
2018-03-29 00:16:39,087|||main||||INFO||||||| APPC0006I Property "org.onap.appc.logging.path" ="/Users/dt5972;etc;../etc"
2018-03-29 00:16:39,087|||main||||INFO||||||| APPC0006I Property "org.onap.appc.openstack.poll.interval" ="20"
2018-03-29 00:16:39,087|||main||||INFO||||||| APPC0006I Property "provider.trusted.hosts" ="*"
2018-03-29 00:16:39,088|||main||||INFO||||||| APPC0006I Property "org.onap.appc.provider.retry.delay" ="30"
2018-03-29 00:16:39,088|||main||||INFO||||||| APPC0006I Property "org.onap.appc.logger" ="org.onap.appc"
2018-03-29 00:16:39,088|||main||||INFO||||||| APPC0006I Property "org.onap.appc.provider.adaptor.name" ="org.onap.appc.appc_provider_adapter"
2018-03-29 00:16:39,088|||main||||INFO||||||| APPC0006I Property "org.onap.appc.bootstrap.path" ="/opt/onap/appc/data/properties,/Users/dt5972,."
2018-03-29 00:16:39,088|||main||||INFO||||||| APPC0006I Property "org.onap.appc.server.state.change.timeout" ="300"
2018-03-29 00:16:39,089|||main||||INFO||||||| APPC0006I Property "org.onap.appc.logging.file" ="org/onap/appc/logback.xml"
2018-03-29 00:16:39,090|||main||||INFO||||||| APPC0008I Searching path "/opt/onap/appc/data/properties,/Users/dt5972,etc,../etc" for configuration settings "appc.properties"
2018-03-29 00:16:39,090|||main||||WARN||||||| APPC0007E No configuration file named [appc.properties] was found on the configuration search path [/opt/onap/appc/data/properties,/Users/dt5972,etc,../etc]. If a configuration file should have been loaded, check the file name and search path specified.  APPC will proceed using the default values and command-line overrides (if any).
2018-03-29 00:16:39,091|||main||||INFO||||||| APPC0010I No application-specific override properties were provided!
2018-03-29 00:16:39,091|||main||||INFO||||||| APPC0011I Merging system properties into configuration
2018-03-29 00:16:39,091|||main||||INFO||||||| APPC0013I Loading resource bundle "org/onap/appc/i18n/MessageResources"
2018-03-29 00:16:39,317|||main||||INFO||||||| Starting bundle APPC Ansible Adapter
2018-03-29 00:16:39,317|||main||||INFO||||||| APPC0024I APPC:  component Ansible Adapter is being initialized...
2018-03-29 00:16:39,318|||main||||INFO||||||| Ansible http client type set to null
2018-03-29 00:16:39,318|||main||||INFO||||||| Creating http client with default behaviour
2018-03-29 00:16:39,551|||main||||INFO||||||| Initialized Ansible Adapter
2018-03-29 00:16:39,551|||main||||INFO||||||| APPC0036I APPC:  registering service Ansible Adapter using class AnsibleAdapter
2018-03-29 00:16:39,553|||main||||INFO||||||| APPC0025I APPC:  component Ansible Adapter has completed initialization
2018-03-29 00:16:39,554|||main||||INFO||||||| Starting bundle APPC Ansible Adapter
2018-03-29 00:16:39,554|||main||||INFO||||||| APPC0024I APPC:  component Ansible Adapter is being initialized...
2018-03-29 00:16:39,554|||main||||INFO||||||| Ansible http client type set to null
2018-03-29 00:16:39,554|||main||||INFO||||||| Creating http client with default behaviour
2018-03-29 00:16:39,559|||main||||INFO||||||| Initialized Ansible Adapter
2018-03-29 00:16:39,560|||main||||INFO||||||| APPC0025I APPC:  component Ansible Adapter has completed initialization
2018-03-29 00:16:39,567|||main||||INFO||||||| Starting bundle APPC Ansible Adapter
2018-03-29 00:16:39,568|||main||||INFO||||||| APPC0024I APPC:  component Ansible Adapter is being initialized...
2018-03-29 00:16:39,568|||main||||INFO||||||| Ansible http client type set to null
2018-03-29 00:16:39,568|||main||||INFO||||||| Creating http client with default behaviour
2018-03-29 00:16:39,572|||main||||INFO||||||| Initialized Ansible Adapter
2018-03-29 00:16:39,572|||main||||INFO||||||| APPC0036I APPC:  registering service Ansible Adapter using class AnsibleAdapter
2018-03-29 00:16:39,572|||main||||INFO||||||| APPC0025I APPC:  component Ansible Adapter has completed initialization
2018-03-29 00:16:39,574|||main||||INFO||||||| Starting bundle APPC Ansible Adapter
2018-03-29 00:16:39,574|||main||||INFO||||||| APPC0024I APPC:  component Ansible Adapter is being initialized...
2018-03-29 00:16:39,574|||main||||INFO||||||| Ansible http client type set to null
2018-03-29 00:16:39,574|||main||||INFO||||||| Creating http client with default behaviour
2018-03-29 00:16:39,577|||main||||INFO||||||| Initialized Ansible Adapter
2018-03-29 00:16:39,577|||main||||INFO||||||| APPC0036I APPC:  registering service Ansible Adapter using class AnsibleAdapter
2018-03-29 00:16:39,578|||main||||INFO||||||| APPC0025I APPC:  component Ansible Adapter has completed initialization
2018-03-29 00:16:39,578|||main||||INFO||||||| Stopping bundle APPC Ansible Adapter
2018-03-29 00:16:39,578|||main||||INFO||||||| APPC0026I APPC component Ansible Adapter is terminating...
2018-03-29 00:16:39,578|||main||||INFO||||||| APPC0037I APPC unregistering service Ansible Adapter
2018-03-29 00:16:39,578|||main||||INFO||||||| APPC0027I APPC component Ansible Adapter has terminated
2018-03-29 00:16:39,583|||main||||INFO||||||| Starting bundle APPC Ansible Adapter
2018-03-29 00:16:39,583|||main||||INFO||||||| APPC0024I APPC:  component Ansible Adapter is being initialized...
2018-03-29 00:16:39,583|||main||||INFO||||||| Ansible http client type set to null
2018-03-29 00:16:39,583|||main||||INFO||||||| Creating http client with default behaviour
2018-03-29 00:16:39,586|||main||||INFO||||||| Initialized Ansible Adapter
2018-03-29 00:16:39,587|||main||||INFO||||||| APPC0036I APPC:  registering service Ansible Adapter using class AnsibleAdapter
2018-03-29 00:16:39,587|||main||||INFO||||||| APPC0025I APPC:  component Ansible Adapter has completed initialization
2018-03-29 00:16:39,587|||main||||INFO||||||| Stopping bundle APPC Ansible Adapter
2018-03-29 00:16:39,587|||main||||INFO||||||| APPC0026I APPC component Ansible Adapter is terminating...
2018-03-29 00:16:39,587|||main||||INFO||||||| APPC0037I APPC unregistering service Ansible Adapter
2018-03-29 00:16:39,588|||main||||INFO||||||| APPC0027I APPC component Ansible Adapter has terminated
2018-03-29 00:16:39,588|||main||||INFO||||||| Stopping bundle APPC Ansible Adapter
2018-03-29 00:19:31,739|||main||||INFO||||||| EELF0005I Searching path "${user.home};etc;../etc" for log configuration file "logback-test.xml"
2018-03-29 00:19:31,743|||main||||INFO||||||| EELF0001I Loading default logging configuration from system resource file "com/att/eelf/logback.xml"
2018-03-29 00:19:31,763|||main||||INFO||||||| Retrieving results from https://192.168.1.1?Id=101&Type=GetLog
2018-03-29 00:19:31,763|||main||||INFO||||||| Querying url = https://192.168.1.1?Id=101&Type=GetLog
2018-03-29 00:19:31,775|||main||||INFO||||||| Request output = {"Results":{"192.168.1.10":{"Id":"101","StatusCode":200,"StatusMessage":"SUCCESS"}},"StatusCode":200,"StatusMessage":"FINISHED"}
2018-03-29 00:19:31,780|||main||||INFO||||||| Got uri 
2018-03-29 00:19:31,783|||main||||INFO||||||| Querying url = https://192.168.1.1?Id=100&Type=GetResult
2018-03-29 00:19:31,783|||main||||INFO||||||| Parsing response from Server = {"Results":{"192.168.1.10":{"Id":"100","StatusCode":200,"StatusMessage":"SUCCESS"}},"StatusCode":200,"StatusMessage":"FINISHED"}
2018-03-29 00:19:31,788|||main||||INFO||||||| Received response with code = 200, Message = FINISHED
2018-03-29 00:19:31,788|||main||||INFO||||||| Processing results in response
2018-03-29 00:19:31,789|||main||||INFO||||||| Get JSON dictionary from Results ..
2018-03-29 00:19:31,789|||main||||INFO||||||| Iterating through hosts
2018-03-29 00:19:31,789|||main||||INFO||||||| Processing host = 192.168.1.10
2018-03-29 00:19:31,789|||main||||INFO||||||| Code = 200, Message = SUCCESS
2018-03-29 00:19:31,789|||main||||INFO||||||| Request response = FINISHED
2018-03-29 00:19:31,789|||main||||INFO||||||| Ansible Request  100 finished with Result = success, Message = FINISHED
2018-03-29 00:19:31,845|||main||||INFO||||||| Updated Payload  = {"Id":"7ec4b740-c114-45a0-afcf-3f3ed17a7417","PlaybookName":"test_playbook.yaml"}
2018-03-29 00:19:31,845|||main||||INFO||||||| Posting request = {"Id":"7ec4b740-c114-45a0-afcf-3f3ed17a7417","PlaybookName":"test_playbook.yaml"} to url = https://192.168.1.1
2018-03-29 00:19:31,845|||main||||INFO||||||| Submission of Test  successful.
2018-03-29 00:19:31,911|||main||||INFO||||||| ------------------------------------------------------------------------------
2018-03-29 00:19:31,919|||main||||INFO||||||| APPC0001I ECOMP Application Controller (APP-C) initialization started at March 28, 2018 8:19:31 PM EDT
2018-03-29 00:19:31,919|||main||||INFO||||||| APPC0002I All prior configuration has been cleared
2018-03-29 00:19:31,920|||main||||INFO||||||| APPC0004I Configuration defaults loaded from resource file "org/onap/appc/default.properties"
2018-03-29 00:19:31,921|||main||||INFO||||||| APPC0006I Property "org.onap.appc.resources" ="org/onap/appc/i18n/MessageResources"
2018-03-29 00:19:31,921|||main||||INFO||||||| APPC0006I Property "test.expected-endpoints" ="1"
2018-03-29 00:19:31,921|||main||||INFO||||||| APPC0006I Property "org.onap.appc.bootstrap.file" ="appc.properties"
2018-03-29 00:19:31,921|||main||||INFO||||||| APPC0006I Property "org.onap.appc.provider.min.pool" ="1"
2018-03-29 00:19:31,921|||main||||INFO||||||| APPC0006I Property "test.expected-regions" ="1"
2018-03-29 00:19:31,922|||main||||INFO||||||| APPC0006I Property "org.onap.appc.security.logger" ="org.onap.appc.security"
2018-03-29 00:19:31,922|||main||||INFO||||||| APPC0006I Property "appc.application.name" ="APPC"
2018-03-29 00:19:31,922|||main||||INFO||||||| APPC0006I Property "org.onap.appc.provider.max.pool" ="0"
2018-03-29 00:19:31,922|||main||||INFO||||||| APPC0006I Property "org.onap.appc.provider.retry.limit" ="10"
2018-03-29 00:19:31,922|||main||||INFO||||||| APPC0006I Property "org.onap.appc.logging.path" ="/Users/dt5972;etc;../etc"
2018-03-29 00:19:31,923|||main||||INFO||||||| APPC0006I Property "org.onap.appc.openstack.poll.interval" ="20"
2018-03-29 00:19:31,923|||main||||INFO||||||| APPC0006I Property "provider.trusted.hosts" ="*"
2018-03-29 00:19:31,923|||main||||INFO||||||| APPC0006I Property "org.onap.appc.provider.retry.delay" ="30"
2018-03-29 00:19:31,923|||main||||INFO||||||| APPC0006I Property "org.onap.appc.logger" ="org.onap.appc"
2018-03-29 00:19:31,923|||main||||INFO||||||| APPC0006I Property "org.onap.appc.provider.adaptor.name" ="org.onap.appc.appc_provider_adapter"
2018-03-29 00:19:31,923|||main||||INFO||||||| APPC0006I Property "org.onap.appc.bootstrap.path" ="/opt/onap/appc/data/properties,/Users/dt5972,."
2018-03-29 00:19:31,924|||main||||INFO||||||| APPC0006I Property "org.onap.appc.server.state.change.timeout" ="300"
2018-03-29 00:19:31,924|||main||||INFO||||||| APPC0006I Property "org.onap.appc.logging.file" ="org/onap/appc/logback.xml"
2018-03-29 00:19:31,925|||main||||INFO||||||| APPC0008I Searching path "/opt/onap/appc/data/properties,/Users/dt5972,etc,../etc" for configuration settings "appc.properties"
2018-03-29 00:19:31,926|||main||||WARN||||||| APPC0007E No configuration file named [appc.properties] was found on the configuration search path [/opt/onap/appc/data/properties,/Users/dt5972,etc,../etc]. If a configuration file should have been loaded, check the file name and search path specified.  APPC will proceed using the default values and command-line overrides (if any).
2018-03-29 00:19:31,926|||main||||INFO||||||| APPC0010I No application-specific override properties were provided!
2018-03-29 00:19:31,926|||main||||INFO||||||| APPC0011I Merging system properties into configuration
2018-03-29 00:19:31,927|||main||||INFO||||||| APPC0013I Loading resource bundle "org/onap/appc/i18n/MessageResources"
2018-03-29 00:19:32,164|||main||||INFO||||||| Starting bundle APPC Ansible Adapter
2018-03-29 00:19:32,164|||main||||INFO||||||| APPC0024I APPC:  component Ansible Adapter is being initialized...
2018-03-29 00:19:32,165|||main||||INFO||||||| Ansible http client type set to null
2018-03-29 00:19:32,165|||main||||INFO||||||| Creating http client with default behaviour
2018-03-29 00:19:32,349|||main||||INFO||||||| Initialized Ansible Adapter
2018-03-29 00:19:32,349|||main||||INFO||||||| APPC0036I APPC:  registering service Ansible Adapter using class AnsibleAdapter
2018-03-29 00:19:32,353|||main||||INFO||||||| APPC0025I APPC:  component Ansible Adapter has completed initialization
2018-03-29 00:19:32,353|||main||||INFO||||||| Starting bundle APPC Ansible Adapter
2018-03-29 00:19:32,353|||main||||INFO||||||| APPC0024I APPC:  component Ansible Adapter is being initialized...
2018-03-29 00:19:32,353|||main||||INFO||||||| Ansible http client type set to null
2018-03-29 00:19:32,353|||main||||INFO||||||| Creating http client with default behaviour
2018-03-29 00:19:32,357|||main||||INFO||||||| Initialized Ansible Adapter
2018-03-29 00:19:32,357|||main||||INFO||||||| APPC0025I APPC:  component Ansible Adapter has completed initialization
2018-03-29 00:19:32,364|||main||||INFO||||||| Starting bundle APPC Ansible Adapter
2018-03-29 00:19:32,364|||main||||INFO||||||| APPC0024I APPC:  component Ansible Adapter is being initialized...
2018-03-29 00:19:32,364|||main||||INFO||||||| Ansible http client type set to null
2018-03-29 00:19:32,364|||main||||INFO||||||| Creating http client with default behaviour
2018-03-29 00:19:32,367|||main||||INFO||||||| Initialized Ansible Adapter
2018-03-29 00:19:32,367|||main||||INFO||||||| APPC0036I APPC:  registering service Ansible Adapter using class AnsibleAdapter
2018-03-29 00:19:32,368|||main||||INFO||||||| APPC0025I APPC:  component Ansible Adapter has completed initialization
2018-03-29 00:19:32,368|||main||||INFO||||||| Starting bundle APPC Ansible Adapter
2018-03-29 00:19:32,368|||main||||INFO||||||| APPC0024I APPC:  component Ansible Adapter is being initialized...
2018-03-29 00:19:32,369|||main||||INFO||||||| Ansible http client type set to null
2018-03-29 00:19:32,369|||main||||INFO||||||| Creating http client with default behaviour
2018-03-29 00:19:32,371|||main||||INFO||||||| Initialized Ansible Adapter
2018-03-29 00:19:32,372|||main||||INFO||||||| APPC0036I APPC:  registering service Ansible Adapter using class AnsibleAdapter
2018-03-29 00:19:32,372|||main||||INFO||||||| APPC0025I APPC:  component Ansible Adapter has completed initialization
2018-03-29 00:19:32,372|||main||||INFO||||||| Stopping bundle APPC Ansible Adapter
2018-03-29 00:19:32,372|||main||||INFO||||||| APPC0026I APPC component Ansible Adapter is terminating...
2018-03-29 00:19:32,372|||main||||INFO||||||| APPC0037I APPC unregistering service Ansible Adapter
2018-03-29 00:19:32,373|||main||||INFO||||||| APPC0027I APPC component Ansible Adapter has terminated
2018-03-29 00:19:32,377|||main||||INFO||||||| Starting bundle APPC Ansible Adapter
2018-03-29 00:19:32,378|||main||||INFO||||||| APPC0024I APPC:  component Ansible Adapter is being initialized...
2018-03-29 00:19:32,378|||main||||INFO||||||| Ansible http client type set to null
2018-03-29 00:19:32,378|||main||||INFO||||||| Creating http client with default behaviour
2018-03-29 00:19:32,380|||main||||INFO||||||| Initialized Ansible Adapter
2018-03-29 00:19:32,380|||main||||INFO||||||| APPC0036I APPC:  registering service Ansible Adapter using class AnsibleAdapter
2018-03-29 00:19:32,380|||main||||INFO||||||| APPC0025I APPC:  component Ansible Adapter has completed initialization
2018-03-29 00:19:32,380|||main||||INFO||||||| Stopping bundle APPC Ansible Adapter
2018-03-29 00:19:32,381|||main||||INFO||||||| APPC0026I APPC component Ansible Adapter is terminating...
2018-03-29 00:19:32,381|||main||||INFO||||||| APPC0037I APPC unregistering service Ansible Adapter
2018-03-29 00:19:32,381|||main||||INFO||||||| APPC0027I APPC component Ansible Adapter has terminated
2018-03-29 00:19:32,381|||main||||INFO||||||| Stopping bundle APPC Ansible Adapter
2018-03-29 00:26:41,423|||main||||INFO||||||| EELF0005I Searching path "${user.home};etc;../etc" for log configuration file "logback-test.xml"
2018-03-29 00:26:41,427|||main||||INFO||||||| EELF0001I Loading default logging configuration from system resource file "com/att/eelf/logback.xml"
2018-03-29 00:26:41,445|||main||||INFO||||||| Retrieving results from https://192.168.1.1?Id=101&Type=GetLog
2018-03-29 00:26:41,445|||main||||INFO||||||| Querying url = https://192.168.1.1?Id=101&Type=GetLog
2018-03-29 00:26:41,458|||main||||INFO||||||| Request output = {"Results":{"192.168.1.10":{"Id":"101","StatusCode":200,"StatusMessage":"SUCCESS"}},"StatusCode":200,"StatusMessage":"FINISHED"}
2018-03-29 00:26:41,463|||main||||INFO||||||| Got uri 
2018-03-29 00:26:41,466|||main||||INFO||||||| Querying url = https://192.168.1.1?Id=100&Type=GetResult
2018-03-29 00:26:41,467|||main||||INFO||||||| Parsing response from Server = {"Results":{"192.168.1.10":{"Id":"100","StatusCode":200,"StatusMessage":"SUCCESS"}},"StatusCode":200,"StatusMessage":"FINISHED"}
2018-03-29 00:26:41,472|||main||||INFO||||||| Received response with code = 200, Message = FINISHED
2018-03-29 00:26:41,472|||main||||INFO||||||| Processing results in response
2018-03-29 00:26:41,473|||main||||INFO||||||| Get JSON dictionary from Results ..
2018-03-29 00:26:41,473|||main||||INFO||||||| Iterating through hosts
2018-03-29 00:26:41,473|||main||||INFO||||||| Processing host = 192.168.1.10
2018-03-29 00:26:41,473|||main||||INFO||||||| Code = 200, Message = SUCCESS
2018-03-29 00:26:41,473|||main||||INFO||||||| Request response = FINISHED
2018-03-29 00:26:41,473|||main||||INFO||||||| Ansible Request  100 finished with Result = success, Message = FINISHED
2018-03-29 00:26:41,529|||main||||INFO||||||| Updated Payload  = {"Id":"c0ef1a98-f53d-4a3d-b685-0ab7e4b80653","PlaybookName":"test_playbook.yaml"}
2018-03-29 00:26:41,529|||main||||INFO||||||| Posting request = {"Id":"c0ef1a98-f53d-4a3d-b685-0ab7e4b80653","PlaybookName":"test_playbook.yaml"} to url = https://192.168.1.1
2018-03-29 00:26:41,529|||main||||INFO||||||| Submission of Test  successful.
2018-03-29 00:26:41,594|||main||||INFO||||||| ------------------------------------------------------------------------------
2018-03-29 00:26:41,604|||main||||INFO||||||| APPC0001I ECOMP Application Controller (APP-C) initialization started at March 28, 2018 8:26:41 PM EDT
2018-03-29 00:26:41,604|||main||||INFO||||||| APPC0002I All prior configuration has been cleared
2018-03-29 00:26:41,604|||main||||INFO||||||| APPC0004I Configuration defaults loaded from resource file "org/onap/appc/default.properties"
2018-03-29 00:26:41,605|||main||||INFO||||||| APPC0006I Property "org.onap.appc.resources" ="org/onap/appc/i18n/MessageResources"
2018-03-29 00:26:41,606|||main||||INFO||||||| APPC0006I Property "test.expected-endpoints" ="1"
2018-03-29 00:26:41,606|||main||||INFO||||||| APPC0006I Property "org.onap.appc.bootstrap.file" ="appc.properties"
2018-03-29 00:26:41,606|||main||||INFO||||||| APPC0006I Property "org.onap.appc.provider.min.pool" ="1"
2018-03-29 00:26:41,606|||main||||INFO||||||| APPC0006I Property "test.expected-regions" ="1"
2018-03-29 00:26:41,607|||main||||INFO||||||| APPC0006I Property "org.onap.appc.security.logger" ="org.onap.appc.security"
2018-03-29 00:26:41,607|||main||||INFO||||||| APPC0006I Property "appc.application.name" ="APPC"
2018-03-29 00:26:41,607|||main||||INFO||||||| APPC0006I Property "org.onap.appc.provider.max.pool" ="0"
2018-03-29 00:26:41,607|||main||||INFO||||||| APPC0006I Property "org.onap.appc.provider.retry.limit" ="10"
2018-03-29 00:26:41,607|||main||||INFO||||||| APPC0006I Property "org.onap.appc.logging.path" ="/Users/dt5972;etc;../etc"
2018-03-29 00:26:41,608|||main||||INFO||||||| APPC0006I Property "org.onap.appc.openstack.poll.interval" ="20"
2018-03-29 00:26:41,608|||main||||INFO||||||| APPC0006I Property "provider.trusted.hosts" ="*"
2018-03-29 00:26:41,608|||main||||INFO||||||| APPC0006I Property "org.onap.appc.provider.retry.delay" ="30"
2018-03-29 00:26:41,608|||main||||INFO||||||| APPC0006I Property "org.onap.appc.logger" ="org.onap.appc"
2018-03-29 00:26:41,608|||main||||INFO||||||| APPC0006I Property "org.onap.appc.provider.adaptor.name" ="org.onap.appc.appc_provider_adapter"
2018-03-29 00:26:41,608|||main||||INFO||||||| APPC0006I Property "org.onap.appc.bootstrap.path" ="/opt/onap/appc/data/properties,/Users/dt5972,."
2018-03-29 00:26:41,609|||main||||INFO||||||| APPC0006I Property "org.onap.appc.server.state.change.timeout" ="300"
2018-03-29 00:26:41,609|||main||||INFO||||||| APPC0006I Property "org.onap.appc.logging.file" ="org/onap/appc/logback.xml"
2018-03-29 00:26:41,610|||main||||INFO||||||| APPC0008I Searching path "/opt/onap/appc/data/properties,/Users/dt5972,etc,../etc" for configuration settings "appc.properties"
2018-03-29 00:26:41,610|||main||||WARN||||||| APPC0007E No configuration file named [appc.properties] was found on the configuration search path [/opt/onap/appc/data/properties,/Users/dt5972,etc,../etc]. If a configuration file should have been loaded, check the file name and search path specified.  APPC will proceed using the default values and command-line overrides (if any).
2018-03-29 00:26:41,610|||main||||INFO||||||| APPC0010I No application-specific override properties were provided!
2018-03-29 00:26:41,610|||main||||INFO||||||| APPC0011I Merging system properties into configuration
2018-03-29 00:26:41,611|||main||||INFO||||||| APPC0013I Loading resource bundle "org/onap/appc/i18n/MessageResources"
2018-03-29 00:26:41,889|||main||||INFO||||||| Starting bundle APPC Ansible Adapter
2018-03-29 00:26:41,892|||main||||INFO||||||| APPC0024I APPC:  component Ansible Adapter is being initialized...
2018-03-29 00:26:41,892|||main||||INFO||||||| Ansible http client type set to null
2018-03-29 00:26:41,892|||main||||INFO||||||| Creating http client with default behaviour
2018-03-29 00:26:42,102|||main||||INFO||||||| Initialized Ansible Adapter
2018-03-29 00:26:42,102|||main||||INFO||||||| APPC0036I APPC:  registering service Ansible Adapter using class AnsibleAdapter
2018-03-29 00:26:42,104|||main||||INFO||||||| APPC0025I APPC:  component Ansible Adapter has completed initialization
2018-03-29 00:26:42,104|||main||||INFO||||||| Starting bundle APPC Ansible Adapter
2018-03-29 00:26:42,105|||main||||INFO||||||| APPC0024I APPC:  component Ansible Adapter is being initialized...
2018-03-29 00:26:42,105|||main||||INFO||||||| Ansible http client type set to null
2018-03-29 00:26:42,105|||main||||INFO||||||| Creating http client with default behaviour
2018-03-29 00:26:42,109|||main||||INFO||||||| Initialized Ansible Adapter
2018-03-29 00:26:42,109|||main||||INFO||||||| APPC0025I APPC:  component Ansible Adapter has completed initialization
2018-03-29 00:26:42,120|||main||||INFO||||||| Starting bundle APPC Ansible Adapter
2018-03-29 00:26:42,121|||main||||INFO||||||| APPC0024I APPC:  component Ansible Adapter is being initialized...
2018-03-29 00:26:42,121|||main||||INFO||||||| Ansible http client type set to null
2018-03-29 00:26:42,121|||main||||INFO||||||| Creating http client with default behaviour
2018-03-29 00:26:42,124|||main||||INFO||||||| Initialized Ansible Adapter
2018-03-29 00:26:42,125|||main||||INFO||||||| APPC0036I APPC:  registering service Ansible Adapter using class AnsibleAdapter
2018-03-29 00:26:42,125|||main||||INFO||||||| APPC0025I APPC:  component Ansible Adapter has completed initialization
2018-03-29 00:26:42,126|||main||||INFO||||||| Starting bundle APPC Ansible Adapter
2018-03-29 00:26:42,127|||main||||INFO||||||| APPC0024I APPC:  component Ansible Adapter is being initialized...
2018-03-29 00:26:42,127|||main||||INFO||||||| Ansible http client type set to null
2018-03-29 00:26:42,127|||main||||INFO||||||| Creating http client with default behaviour
2018-03-29 00:26:42,130|||main||||INFO||||||| Initialized Ansible Adapter
2018-03-29 00:26:42,130|||main||||INFO||||||| APPC0036I APPC:  registering service Ansible Adapter using class AnsibleAdapter
2018-03-29 00:26:42,130|||main||||INFO||||||| APPC0025I APPC:  component Ansible Adapter has completed initialization
2018-03-29 00:26:42,130|||main||||INFO||||||| Stopping bundle APPC Ansible Adapter
2018-03-29 00:26:42,131|||main||||INFO||||||| APPC0026I APPC component Ansible Adapter is terminating...
2018-03-29 00:26:42,131|||main||||INFO||||||| APPC0037I APPC unregistering service Ansible Adapter
2018-03-29 00:26:42,131|||main||||INFO||||||| APPC0027I APPC component Ansible Adapter has terminated
2018-03-29 00:26:42,136|||main||||INFO||||||| Starting bundle APPC Ansible Adapter
2018-03-29 00:26:42,137|||main||||INFO||||||| APPC0024I APPC:  component Ansible Adapter is being initialized...
2018-03-29 00:26:42,137|||main||||INFO||||||| Ansible http client type set to null
2018-03-29 00:26:42,137|||main||||INFO||||||| Creating http client with default behaviour
2018-03-29 00:26:42,140|||main||||INFO||||||| Initialized Ansible Adapter
2018-03-29 00:26:42,140|||main||||INFO||||||| APPC0036I APPC:  registering service Ansible Adapter using class AnsibleAdapter
2018-03-29 00:26:42,140|||main||||INFO||||||| APPC0025I APPC:  component Ansible Adapter has completed initialization
2018-03-29 00:26:42,141|||main||||INFO||||||| Stopping bundle APPC Ansible Adapter
2018-03-29 00:26:42,141|||main||||INFO||||||| APPC0026I APPC component Ansible Adapter is terminating...
2018-03-29 00:26:42,141|||main||||INFO||||||| APPC0037I APPC unregistering service Ansible Adapter
2018-03-29 00:26:42,142|||main||||INFO||||||| APPC0027I APPC component Ansible Adapter has terminated
2018-03-29 00:26:42,142|||main||||INFO||||||| Stopping bundle APPC Ansible Adapter
2018-03-29 15:02:43,144|||main||||INFO||||||| EELF0005I Searching path "${user.home};etc;../etc" for log configuration file "logback-test.xml"
2018-03-29 15:02:43,146|||main||||INFO||||||| EELF0001I Loading default logging configuration from system resource file "com/att/eelf/logback.xml"
2018-03-29 15:02:43,163|||main||||INFO||||||| Retrieving results from https://192.168.1.1?Id=101&Type=GetLog
2018-03-29 15:02:43,163|||main||||INFO||||||| Querying url = https://192.168.1.1?Id=101&Type=GetLog
2018-03-29 15:02:43,175|||main||||INFO||||||| Request output = {"Results":{"192.168.1.10":{"Id":"101","StatusCode":200,"StatusMessage":"SUCCESS"}},"StatusCode":200,"StatusMessage":"FINISHED"}
2018-03-29 15:02:43,178|||main||||INFO||||||| Got uri 
2018-03-29 15:02:43,181|||main||||INFO||||||| Querying url = https://192.168.1.1?Id=100&Type=GetResult
2018-03-29 15:02:43,182|||main||||INFO||||||| Parsing response from Server = {"Results":{"192.168.1.10":{"Id":"100","StatusCode":200,"StatusMessage":"SUCCESS"}},"StatusCode":200,"StatusMessage":"FINISHED"}
2018-03-29 15:02:43,186|||main||||INFO||||||| Received response with code = 200, Message = FINISHED
2018-03-29 15:02:43,187|||main||||INFO||||||| Processing results in response
2018-03-29 15:02:43,187|||main||||INFO||||||| Get JSON dictionary from Results ..
2018-03-29 15:02:43,187|||main||||INFO||||||| Iterating through hosts
2018-03-29 15:02:43,187|||main||||INFO||||||| Processing host = 192.168.1.10
2018-03-29 15:02:43,187|||main||||INFO||||||| Code = 200, Message = SUCCESS
2018-03-29 15:02:43,187|||main||||INFO||||||| Request response = FINISHED
2018-03-29 15:02:43,187|||main||||INFO||||||| Ansible Request  100 finished with Result = success, Message = FINISHED
2018-03-29 15:02:43,250|||main||||INFO||||||| Updated Payload  = {"Id":"f7bef643-2fd6-4971-a11d-df3f3e6f7239","PlaybookName":"test_playbook.yaml"}
2018-03-29 15:02:43,250|||main||||INFO||||||| Posting request = {"Id":"f7bef643-2fd6-4971-a11d-df3f3e6f7239","PlaybookName":"test_playbook.yaml"} to url = https://192.168.1.1
2018-03-29 15:02:43,251|||main||||INFO||||||| Submission of Test  successful.
2018-03-29 15:11:07,494|||main||||INFO||||||| EELF0005I Searching path "${user.home};etc;../etc" for log configuration file "logback-test.xml"
2018-03-29 15:11:07,496|||main||||INFO||||||| EELF0001I Loading default logging configuration from system resource file "com/att/eelf/logback.xml"
2018-03-29 15:11:07,509|||main||||INFO||||||| Retrieving results from https://192.168.1.1?Id=101&Type=GetLog
2018-03-29 15:11:07,510|||main||||INFO||||||| Querying url = https://192.168.1.1?Id=101&Type=GetLog
2018-03-29 15:11:07,519|||main||||INFO||||||| Request output = {"Results":{"192.168.1.10":{"Id":"101","StatusCode":200,"StatusMessage":"SUCCESS"}},"StatusCode":200,"StatusMessage":"FINISHED"}
2018-03-29 15:11:07,522|||main||||INFO||||||| Got uri 
2018-03-29 15:11:07,525|||main||||INFO||||||| Querying url = https://192.168.1.1?Id=100&Type=GetResult
2018-03-29 15:11:07,526|||main||||INFO||||||| Parsing response from Server = {"Results":{"192.168.1.10":{"Id":"100","StatusCode":200,"StatusMessage":"SUCCESS"}},"StatusCode":200,"StatusMessage":"FINISHED"}
2018-03-29 15:11:07,530|||main||||INFO||||||| Received response with code = 200, Message = FINISHED
2018-03-29 15:11:07,530|||main||||INFO||||||| Processing results in response
2018-03-29 15:11:07,530|||main||||INFO||||||| Get JSON dictionary from Results ..
2018-03-29 15:11:07,530|||main||||INFO||||||| Iterating through hosts
2018-03-29 15:11:07,530|||main||||INFO||||||| Processing host = 192.168.1.10
2018-03-29 15:11:07,531|||main||||INFO||||||| Code = 200, Message = SUCCESS
2018-03-29 15:11:07,531|||main||||INFO||||||| Request response = FINISHED
2018-03-29 15:11:07,531|||main||||INFO||||||| Ansible Request  100 finished with Result = success, Message = FINISHED
2018-03-29 15:11:07,584|||main||||INFO||||||| Updated Payload  = {"Id":"0ef396f6-c282-4d1e-b4ca-4b4de5a74d9e","PlaybookName":"test_playbook.yaml"}
2018-03-29 15:11:07,584|||main||||INFO||||||| Posting request = {"Id":"0ef396f6-c282-4d1e-b4ca-4b4de5a74d9e","PlaybookName":"test_playbook.yaml"} to url = https://192.168.1.1
2018-03-29 15:11:07,584|||main||||INFO||||||| Submission of Test  successful.
2018-03-29 15:23:27,898|||main||||INFO||||||| EELF0005I Searching path "${user.home};etc;../etc" for log configuration file "logback-test.xml"
2018-03-29 15:23:27,900|||main||||INFO||||||| EELF0001I Loading default logging configuration from system resource file "com/att/eelf/logback.xml"
2018-03-29 15:23:27,915|||main||||INFO||||||| Retrieving results from https://192.168.1.1?Id=101&Type=GetLog
2018-03-29 15:23:27,915|||main||||INFO||||||| Querying url = https://192.168.1.1?Id=101&Type=GetLog
2018-03-29 15:23:27,924|||main||||INFO||||||| Request output = {"Results":{"192.168.1.10":{"Id":"101","StatusCode":200,"StatusMessage":"SUCCESS"}},"StatusCode":200,"StatusMessage":"FINISHED"}
2018-03-29 15:23:27,927|||main||||INFO||||||| Got uri 
2018-03-29 15:23:27,930|||main||||INFO||||||| Querying url = https://192.168.1.1?Id=100&Type=GetResult
2018-03-29 15:23:27,930|||main||||INFO||||||| Parsing response from Server = {"Results":{"192.168.1.10":{"Id":"100","StatusCode":200,"StatusMessage":"SUCCESS"}},"StatusCode":200,"StatusMessage":"FINISHED"}
2018-03-29 15:23:27,935|||main||||INFO||||||| Received response with code = 200, Message = FINISHED
2018-03-29 15:23:27,935|||main||||INFO||||||| Processing results in response
2018-03-29 15:23:27,935|||main||||INFO||||||| Get JSON dictionary from Results ..
2018-03-29 15:23:27,935|||main||||INFO||||||| Iterating through hosts
2018-03-29 15:23:27,935|||main||||INFO||||||| Processing host = 192.168.1.10
2018-03-29 15:23:27,935|||main||||INFO||||||| Code = 200, Message = SUCCESS
2018-03-29 15:23:27,935|||main||||INFO||||||| Request response = FINISHED
2018-03-29 15:23:27,936|||main||||INFO||||||| Ansible Request  100 finished with Result = success, Message = FINISHED
2018-03-29 15:23:27,990|||main||||INFO||||||| Updated Payload  = {"Id":"42a25cdb-b4a1-4037-8547-a50c98152d78","PlaybookName":"test_playbook.yaml"}
2018-03-29 15:23:27,990|||main||||INFO||||||| Posting request = {"Id":"42a25cdb-b4a1-4037-8547-a50c98152d78","PlaybookName":"test_playbook.yaml"} to url = https://192.168.1.1
2018-03-29 15:23:27,991|||main||||INFO||||||| Submission of Test  successful.
2018-03-29 15:51:24,894|||main||||INFO||||||| EELF0005I Searching path "${user.home};etc;../etc" for log configuration file "logback-test.xml"
2018-03-29 15:51:24,897|||main||||INFO||||||| EELF0001I Loading default logging configuration from system resource file "com/att/eelf/logback.xml"
2018-03-29 15:51:24,914|||main||||INFO||||||| Retrieving results from https://192.168.1.1?Id=101&Type=GetLog
2018-03-29 15:51:24,915|||main||||INFO||||||| Querying url = https://192.168.1.1?Id=101&Type=GetLog
2018-03-29 15:51:24,926|||main||||INFO||||||| Request output = {"Results":{"192.168.1.10":{"Id":"101","StatusCode":200,"StatusMessage":"SUCCESS"}},"StatusCode":200,"StatusMessage":"FINISHED"}
2018-03-29 15:51:24,931|||main||||INFO||||||| Got uri 
2018-03-29 15:51:24,936|||main||||INFO||||||| Querying url = https://192.168.1.1?Id=100&Type=GetResult
2018-03-29 15:51:24,936|||main||||INFO||||||| Parsing response from Server = {"Results":{"192.168.1.10":{"Id":"100","StatusCode":200,"StatusMessage":"SUCCESS"}},"StatusCode":200,"StatusMessage":"FINISHED"}
2018-03-29 15:51:24,942|||main||||INFO||||||| Received response with code = 200, Message = FINISHED
2018-03-29 15:51:24,942|||main||||INFO||||||| Processing results in response
2018-03-29 15:51:24,942|||main||||INFO||||||| Get JSON dictionary from Results ..
2018-03-29 15:51:24,942|||main||||INFO||||||| Iterating through hosts
2018-03-29 15:51:24,943|||main||||INFO||||||| Processing host = 192.168.1.10
2018-03-29 15:51:24,943|||main||||INFO||||||| Code = 200, Message = SUCCESS
2018-03-29 15:51:24,943|||main||||INFO||||||| Request response = FINISHED
2018-03-29 15:51:24,943|||main||||INFO||||||| Ansible Request  100 finished with Result = success, Message = FINISHED
2018-03-29 15:51:25,000|||main||||INFO||||||| Updated Payload  = {"Id":"414194e1-a472-4cc4-baa1-d6f7b2aaa7fd","PlaybookName":"test_playbook.yaml"}
2018-03-29 15:51:25,000|||main||||INFO||||||| Posting request = {"Id":"414194e1-a472-4cc4-baa1-d6f7b2aaa7fd","PlaybookName":"test_playbook.yaml"} to url = https://192.168.1.1
2018-03-29 15:51:25,000|||main||||INFO||||||| Submission of Test  successful.
